<?xml version="1.0" encoding="UTF-8"?>
<testsuite xmlns:xsi="http://www.w3.org/2001/XMLSchema-instance" xsi:noNamespaceSchemaLocation="https://maven.apache.org/surefire/maven-surefire-plugin/xsd/surefire-test-report.xsd" name="com.dvb.flooringmastery.dao.FlooringMasteryDaoTest" time="0.271" tests="11" errors="0" skipped="0" failures="0">
  <properties>
[...]
</properties>
  <testcase name="testGetStateSet" classname="com.dvb.flooringmastery.dao.FlooringMasteryDaoTest" time="0.033"/>
  <testcase name="testEditOrder" classname="com.dvb.flooringmastery.dao.FlooringMasteryDaoTest" time="0.098"/>
  <testcase name="testRemoveOrder" classname="com.dvb.flooringmastery.dao.FlooringMasteryDaoTest" time="0.037"/>
  <testcase name="testAddOrder" classname="com.dvb.flooringmastery.dao.FlooringMasteryDaoTest" time="0.015"/>
  <testcase name="testGetOrdersWithParameter" classname="com.dvb.flooringmastery.dao.FlooringMasteryDaoTest" time="0.011"/>
  <testcase name="testGetProductTypeSet" classname="com.dvb.flooringmastery.dao.FlooringMasteryDaoTest" time="0.009"/>
  <testcase name="testGetProductsMap" classname="com.dvb.flooringmastery.dao.FlooringMasteryDaoTest" time="0.006"/>
  <testcase name="testGetTaxesMap" classname="com.dvb.flooringmastery.dao.FlooringMasteryDaoTest" time="0.006"/>
  <testcase name="testGetOrderByOrderNumber" classname="com.dvb.flooringmastery.dao.FlooringMasteryDaoTest" time="0.006"/>
  <testcase name="testGetOrders" classname="com.dvb.flooringmastery.dao.FlooringMasteryDaoTest" time="0.02"/>
  <testcase name="testWriteAndLoadTrainingOrProdMode" classname="com.dvb.flooringmastery.dao.FlooringMasteryDaoTest" time="0.008"/>
</testsuite>